PASS - match_a_graphic start: 09/03/19 11:11:18 BST end: 09/03/19 11:11:19 BST time taken: 1.47 seconds
PASS - match_a_graphic start: 09/03/19 12:06:01 BST end: 09/03/19 12:06:03 BST time taken: 1.43 seconds
PASS - match_a_graphic start: 09/03/19 12:09:01 BST end: 09/03/19 12:09:02 BST time taken: 1.44 seconds
PASS - ocr_text_read start: 09/05/19 12:48:12 BST end: 09/05/19 12:48:14 BST time taken: 1.47 seconds
PASS - ocr_text_read start: 09/05/19 12:55:42 BST end: 09/05/19 12:55:43 BST time taken: 1.01 seconds
PASS - ocr_text_read start: 09/05/19 13:00:06 BST end: 09/05/19 13:00:07 BST time taken: 1.05 seconds
PASS - read_docx start: 09/05/19 16:05:30 BST end: 09/05/19 16:05:31 BST time taken: 0.57 seconds
PASS - ocr_text_read start: 09/05/19 16:07:30 BST end: 09/05/19 16:07:31 BST time taken: 0.95 seconds
PASS - ocr_text_read start: 09/05/19 16:08:06 BST end: 09/05/19 16:08:07 BST time taken: 0.94 seconds
FAIL - read_docx start: 09/05/19 16:16:46 BST end: 09/05/19 16:16:46 BST time taken: 0.51 seconds
FAIL - read_docx start: 09/05/19 16:22:08 BST end: 09/05/19 16:22:09 BST time taken: 0.51 seconds
FAIL - read_docx start: 09/05/19 16:22:52 BST end: 09/05/19 16:22:52 BST time taken: 0.51 seconds
PASS - match_a_graphic start: 09/10/19 13:24:34 BST end: 09/10/19 13:24:36 BST time taken: 1.96 seconds
PASS - match_a_graphic start: 09/10/19 13:24:57 BST end: 09/10/19 13:24:58 BST time taken: 1.47 seconds
PASS - match_a_graphic start: 09/10/19 13:25:23 BST end: 09/10/19 13:25:25 BST time taken: 1.47 seconds
PASS - match_a_graphic start: 09/10/19 13:25:27 BST end: 09/10/19 13:25:29 BST time taken: 1.46 seconds
PASS - match_a_graphic start: 09/10/19 14:22:00 BST end: 09/10/19 14:22:02 BST time taken: 1.43 seconds
PASS - ocr_text_read start: 09/10/19 14:22:02 BST end: 09/10/19 14:22:03 BST time taken: 0.99 seconds
PASS - read_docx start: 09/10/19 14:22:03 BST end: 09/10/19 14:22:03 BST time taken: 0.54 seconds
PASS - read_xlsx start: 09/10/19 14:22:03 BST end: 09/10/19 14:22:04 BST time taken: 0.51 seconds
PASS - gets_gspread start: 09/10/19 14:22:04 BST end: 09/10/19 14:22:07 BST time taken: 3.14 seconds
PASS - match_a_graphic start: 09/10/19 14:24:00 BST end: 09/10/19 14:24:01 BST time taken: 1.47 seconds
PASS - ocr_text_read start: 09/10/19 14:42:00 BST end: 09/10/19 14:42:01 BST time taken: 1.03 seconds
PASS - ocr_text_read start: 09/10/19 14:49:00 BST end: 09/10/19 14:49:01 BST time taken: 0.94 seconds
PASS - ocr_text_read start: 09/10/19 14:50:01 BST end: 09/10/19 14:50:01 BST time taken: 0.95 seconds
PASS - ocr_text_read start: 09/10/19 14:51:00 BST end: 09/10/19 14:51:01 BST time taken: 0.93 seconds
PASS - ocr_text_read start: 09/10/19 15:23:00 BST end: 09/10/19 15:23:01 BST time taken: 0.95 seconds
PASS - ocr_text_read start: 09/14/19 07:15:17 BST end: 09/14/19 07:15:18 BST time taken: 1.00 seconds
PASS - ocr_text_read start: 09/14/19 07:15:29 BST end: 09/14/19 07:15:30 BST time taken: 0.94 seconds
PASS - ocr_text_read start: 09/14/19 07:16:31 BST end: 09/14/19 07:16:31 BST time taken: 0.93 seconds
PASS - ocr_text_read start: 09/14/19 07:18:29 BST end: 09/14/19 07:18:30 BST time taken: 0.94 seconds
FAIL - read_xlsx start: 09/14/19 16:40:33 BST end: 09/14/19 16:40:34 BST time taken: 0.57 seconds
PASS - match_a_graphic start: 09/15/19 15:23:33 BST end: 09/15/19 15:23:34 BST time taken: 0.91 seconds
PASS - ocr_text_read start: 09/15/19 15:23:48 BST end: 09/15/19 15:23:48 BST time taken: 0.41 seconds
PASS - read_docx start: 09/15/19 15:23:59 BST end: 09/15/19 15:23:59 BST time taken: 0.02 seconds
PASS - read_xlsx start: 09/15/19 15:24:04 BST end: 09/15/19 15:24:05 BST time taken: 0.01 seconds
PASS - ocr_text_read start: 09/16/19 04:50:01 BST end: 09/16/19 04:50:01 BST time taken: 0.42 seconds
PASS - read_xlsx start: 09/16/19 06:26:00 BST end: 09/16/19 06:26:00 BST time taken: 0.01 seconds
FAIL - ocr_text_read start: 09/16/19 06:46:01 BST end: 09/16/19 06:46:01 BST time taken: 0.45 seconds
FAIL - ocr_text_read start: 09/16/19 06:49:01 BST end: 09/16/19 06:49:01 BST time taken: 0.42 seconds
PASS - ocr_text_read start: 09/16/19 06:52:00 BST end: 09/16/19 06:52:01 BST time taken: 0.43 seconds
PASS - ocr_text_read start: 09/16/19 06:59:01 BST end: 09/16/19 06:59:01 BST time taken: 0.43 seconds
PASS - read_xlsx start: 09/16/19 07:01:01 BST end: 09/16/19 07:01:01 BST time taken: 0.01 seconds
PASS - match_a_graphic start: 09/16/19 07:05:01 BST end: 09/16/19 07:05:02 BST time taken: 0.93 seconds
PASS - read_docx start: 09/16/19 07:06:02 BST end: 09/16/19 07:06:02 BST time taken: 0.03 seconds
FAIL - ocr_text_read start: 09/16/19 07:15:00 BST end: 09/16/19 07:15:01 BST time taken: 0.43 seconds
PASS - ocr_text_read start: 09/16/19 07:16:01 BST end: 09/16/19 07:16:01 BST time taken: 0.42 seconds
PASS - ocr_text_read start: 09/16/19 07:24:01 BST end: 09/16/19 07:24:01 BST time taken: 0.42 seconds
